<?xml version="1.0" encoding="UTF-8"?>
<testng-results ignored="6" total="7" passed="1" failed="0" skipped="0">
  <reporter-output>
  </reporter-output>
  <suite started-at="2021-05-31T20:43:55 IST" name="Default suite" finished-at="2021-05-31T20:43:58 IST" duration-ms="3071">
    <groups>
    </groups>
    <test started-at="2021-05-31T20:43:55 IST" name="Default test" finished-at="2021-05-31T20:43:58 IST" duration-ms="3071">
      <class name="restassured.Restsample">
        <test-method signature="testdelete()[pri:7, instance:restassured.Restsample@1ffe63b9]" started-at="2021-05-31T20:43:55 IST" name="testdelete" description="Try the DELETE request " finished-at="2021-05-31T20:43:58 IST" duration-ms="3031" status="PASS">
          <reporter-output>
          </reporter-output>
        </test-method> <!-- testdelete -->
      </class> <!-- restassured.Restsample -->
    </test> <!-- Default test -->
  </suite> <!-- Default suite -->
</testng-results>
