<?xml version="1.0" encoding="UTF-8"?>
<!-- Generated by org.testng.reporters.JUnitXMLReporter -->
<testsuite hostname="LT0021232" ignored="1" name="Test" tests="13" failures="0" timestamp="26 Sep 2018 07:45:50 GMT" time="56.582" errors="0">
  <testcase name="JIRAProjectCreation" time="40.114" classname="com.qa.JiraAPI.JIRA_ProjectTest"/>
  <testcase name="UpdateProject" time="1.499" classname="com.qa.JiraAPI.JIRA_ProjectTest"/>
  <testcase name="DeleteProject" time="4.096" classname="com.qa.JiraAPI.JIRA_ProjectTest"/>
  <testcase name="CreateIssue" time="2.223" classname="com.qa.JiraAPI.JIRA_ProjectIssue"/>
  <testcase name="AssignIssue" time="1.063" classname="com.qa.JiraAPI.JIRA_ProjectIssue"/>
  <testcase name="CreateComment" time="0.993" classname="com.qa.JiraAPI.JIRA_ProjectIssue"/>
  <testcase name="UpdateComment" time="1.662" classname="com.qa.JiraAPI.JIRA_ProjectIssue"/>
  <testcase name="RemoveWatcher" time="1.388" classname="com.qa.JiraAPI.JIRA_ProjectIssue"/>
  <testcase name="AddWatcher" time="0.795" classname="com.qa.JiraAPI.JIRA_ProjectIssue"/>
  <testcase name="GetWatcher" time="1.006" classname="com.qa.JiraAPI.JIRA_ProjectIssue"/>
  <testcase name="AddVote" time="0.335" classname="com.qa.JiraAPI.JIRA_ProjectIssue"/>
  <testcase name="RemoveComment" time="0.634" classname="com.qa.JiraAPI.JIRA_ProjectIssue"/>
  <testcase name="RemoveIssue" time="0.578" classname="com.qa.JiraAPI.JIRA_ProjectIssue"/>
  <testcase name="@BeforeSuite TestDataSetup" time="0.0" classname="com.qa.JiraAPI.Jira_Login">
    <ignored/>
  </testcase> <!-- @BeforeSuite TestDataSetup -->
</testsuite> <!-- Test -->
