<?xml version="1.0" encoding="UTF-8"?>
<!-- Generated by org.testng.reporters.JUnitXMLReporter -->
<testsuite ignored="6" hostname="GS-4656" failures="0" tests="1" name="Default test" time="3.071" errors="0" timestamp="2021-05-31T20:43:58 IST">
  <testcase classname="restassured.Restsample" name="testdelete" time="3.031"/>
  <testcase classname="restassured.Restsample" name="testput" time="0.0">
    <ignored/>
  </testcase> <!-- testput -->
  <testcase classname="restassured.Restsample" name="testpatch" time="0.0">
    <ignored/>
  </testcase> <!-- testpatch -->
  <testcase classname="restassured.Restsample" name="testpost" time="0.0">
    <ignored/>
  </testcase> <!-- testpost -->
  <testcase classname="restassured.Restsample" name="testsmaple3" time="0.0">
    <ignored/>
  </testcase> <!-- testsmaple3 -->
  <testcase classname="restassured.Restsample" name="testsample" time="0.0">
    <ignored/>
  </testcase> <!-- testsample -->
  <testcase classname="restassured.Restsample" name="testsmaple2" time="0.0">
    <ignored/>
  </testcase> <!-- testsmaple2 -->
</testsuite> <!-- Default test -->
