<?xml version="1.0" encoding="UTF-8"?>
<testng-results skipped="0" failed="0" ignored="1" total="14" passed="13">
  <reporter-output>
  </reporter-output>
  <suite name="Suite" duration-ms="56582" started-at="2018-09-26T07:44:53Z" finished-at="2018-09-26T07:45:49Z">
    <groups>
    </groups>
    <test name="Test" duration-ms="56582" started-at="2018-09-26T07:44:53Z" finished-at="2018-09-26T07:45:49Z">
      <class name="com.qa.JiraAPI.JIRA_ProjectTest">
        <test-method status="PASS" signature="TestDataSetup()[pri:0, instance:com.qa.JiraAPI.JIRA_ProjectTest@15530b9]" name="TestDataSetup" is-config="true" duration-ms="1272" started-at="2018-09-26T07:44:52Z" finished-at="2018-09-26T07:44:53Z">
          <reporter-output>
          </reporter-output>
        </test-method> <!-- TestDataSetup -->
        <test-method status="PASS" signature="JIRAProjectCreation()[pri:2, instance:com.qa.JiraAPI.JIRA_ProjectTest@15530b9]" name="JIRAProjectCreation" duration-ms="40114" started-at="2018-09-26T07:44:53Z" description="Creation of JIRA Project" finished-at="2018-09-26T07:45:33Z">
          <reporter-output>
          </reporter-output>
        </test-method> <!-- JIRAProjectCreation -->
        <test-method status="PASS" signature="UpdateProject()[pri:3, instance:com.qa.JiraAPI.JIRA_ProjectTest@15530b9]" name="UpdateProject" duration-ms="1499" started-at="2018-09-26T07:45:33Z" description="Updation of JIRA Project" finished-at="2018-09-26T07:45:35Z">
          <reporter-output>
          </reporter-output>
        </test-method> <!-- UpdateProject -->
        <test-method status="PASS" signature="DeleteProject()[pri:4, instance:com.qa.JiraAPI.JIRA_ProjectTest@15530b9]" name="DeleteProject" duration-ms="4096" started-at="2018-09-26T07:45:35Z" description="Deletion of JIRA Project" finished-at="2018-09-26T07:45:39Z">
          <reporter-output>
          </reporter-output>
        </test-method> <!-- DeleteProject -->
      </class> <!-- com.qa.JiraAPI.JIRA_ProjectTest -->
      <class name="com.qa.JiraAPI.JIRA_ProjectIssue">
        <test-method status="PASS" signature="CreateIssue()[pri:5, instance:com.qa.JiraAPI.JIRA_ProjectIssue@1057a39]" name="CreateIssue" duration-ms="2223" started-at="2018-09-26T07:45:39Z" description="Create Issue in JIRA Tool" finished-at="2018-09-26T07:45:41Z">
          <reporter-output>
          </reporter-output>
        </test-method> <!-- CreateIssue -->
        <test-method status="PASS" signature="AssignIssue()[pri:6, instance:com.qa.JiraAPI.JIRA_ProjectIssue@1057a39]" name="AssignIssue" duration-ms="1063" started-at="2018-09-26T07:45:41Z" description="Assign Bug to user" finished-at="2018-09-26T07:45:42Z">
          <reporter-output>
          </reporter-output>
        </test-method> <!-- AssignIssue -->
        <test-method status="PASS" signature="CreateComment()[pri:7, instance:com.qa.JiraAPI.JIRA_ProjectIssue@1057a39]" name="CreateComment" duration-ms="993" started-at="2018-09-26T07:45:42Z" description="Create Comment to Bug" finished-at="2018-09-26T07:45:43Z">
          <reporter-output>
          </reporter-output>
        </test-method> <!-- CreateComment -->
        <test-method status="PASS" signature="UpdateComment()[pri:8, instance:com.qa.JiraAPI.JIRA_ProjectIssue@1057a39]" name="UpdateComment" duration-ms="1662" started-at="2018-09-26T07:45:43Z" description="Update Defect with new Comment" finished-at="2018-09-26T07:45:45Z">
          <reporter-output>
          </reporter-output>
        </test-method> <!-- UpdateComment -->
        <test-method status="PASS" signature="RemoveWatcher()[pri:9, instance:com.qa.JiraAPI.JIRA_ProjectIssue@1057a39]" name="RemoveWatcher" duration-ms="1388" started-at="2018-09-26T07:45:45Z" description="Remove Watcher from Bug" finished-at="2018-09-26T07:45:46Z">
          <reporter-output>
          </reporter-output>
        </test-method> <!-- RemoveWatcher -->
        <test-method status="PASS" signature="AddWatcher()[pri:10, instance:com.qa.JiraAPI.JIRA_ProjectIssue@1057a39]" name="AddWatcher" duration-ms="795" started-at="2018-09-26T07:45:46Z" description="Add watcher into Defect" finished-at="2018-09-26T07:45:47Z">
          <reporter-output>
          </reporter-output>
        </test-method> <!-- AddWatcher -->
        <test-method status="PASS" signature="GetWatcher()[pri:11, instance:com.qa.JiraAPI.JIRA_ProjectIssue@1057a39]" name="GetWatcher" duration-ms="1006" started-at="2018-09-26T07:45:47Z" description="Get Watcher in the Bug" finished-at="2018-09-26T07:45:48Z">
          <reporter-output>
          </reporter-output>
        </test-method> <!-- GetWatcher -->
        <test-method status="PASS" signature="AddVote()[pri:12, instance:com.qa.JiraAPI.JIRA_ProjectIssue@1057a39]" name="AddVote" duration-ms="335" started-at="2018-09-26T07:45:48Z" description="Add Voter to Issue" finished-at="2018-09-26T07:45:48Z">
          <reporter-output>
          </reporter-output>
        </test-method> <!-- AddVote -->
        <test-method status="PASS" signature="RemoveComment()[pri:13, instance:com.qa.JiraAPI.JIRA_ProjectIssue@1057a39]" name="RemoveComment" duration-ms="634" started-at="2018-09-26T07:45:48Z" description="Remove Comment from Bug" finished-at="2018-09-26T07:45:49Z">
          <reporter-output>
          </reporter-output>
        </test-method> <!-- RemoveComment -->
        <test-method status="PASS" signature="RemoveIssue()[pri:14, instance:com.qa.JiraAPI.JIRA_ProjectIssue@1057a39]" name="RemoveIssue" duration-ms="578" started-at="2018-09-26T07:45:49Z" description="Remove Bug from JIRA" finished-at="2018-09-26T07:45:49Z">
          <reporter-output>
          </reporter-output>
        </test-method> <!-- RemoveIssue -->
      </class> <!-- com.qa.JiraAPI.JIRA_ProjectIssue -->
    </test> <!-- Test -->
  </suite> <!-- Suite -->
</testng-results>
