<?xml version="1.0" encoding="UTF-8"?>
<testsuite xmlns:xsi="http://www.w3.org/2001/XMLSchema-instance" xsi:noNamespaceSchemaLocation="https://maven.apache.org/surefire/maven-surefire-plugin/xsd/surefire-test-report.xsd" name="TestSuite" time="73.174" tests="13" errors="0" skipped="0" failures="0">
  <properties>
[...]
</properties>
  <testcase name="JIRAProjectCreation" classname="com.qa.JiraAPI.JIRA_ProjectTest" time="40.146"/>
  <testcase name="UpdateProject" classname="com.qa.JiraAPI.JIRA_ProjectTest" time="1.467"/>
  <testcase name="DeleteProject" classname="com.qa.JiraAPI.JIRA_ProjectTest" time="4.178"/>
  <testcase name="CreateIssue" classname="com.qa.JiraAPI.JIRA_ProjectIssue" time="2.002"/>
  <testcase name="AssignIssue" classname="com.qa.JiraAPI.JIRA_ProjectIssue" time="1.298"/>
  <testcase name="CreateComment" classname="com.qa.JiraAPI.JIRA_ProjectIssue" time="1.074"/>
  <testcase name="UpdateComment" classname="com.qa.JiraAPI.JIRA_ProjectIssue" time="2.591"/>
  <testcase name="RemoveWatcher" classname="com.qa.JiraAPI.JIRA_ProjectIssue" time="0.715"/>
  <testcase name="AddWatcher" classname="com.qa.JiraAPI.JIRA_ProjectIssue" time="0.447"/>
  <testcase name="GetWatcher" classname="com.qa.JiraAPI.JIRA_ProjectIssue" time="0.768"/>
  <testcase name="AddVote" classname="com.qa.JiraAPI.JIRA_ProjectIssue" time="0.263"/>
  <testcase name="RemoveComment" classname="com.qa.JiraAPI.JIRA_ProjectIssue" time="0.465"/>
  <testcase name="RemoveIssue" classname="com.qa.JiraAPI.JIRA_ProjectIssue" time="0.733"/>
</testsuite>