<?xml version="1.0" encoding="UTF-8"?>
<testng-results ignored="0" total="1" passed="1" failed="0" skipped="0">
  <reporter-output>
  </reporter-output>
  <suite started-at="2020-12-21T21:09:03 IST" name="Default suite" finished-at="2020-12-21T21:09:14 IST" duration-ms="10511">
    <groups>
    </groups>
    <test started-at="2020-12-21T21:09:03 IST" name="Default test" finished-at="2020-12-21T21:09:14 IST" duration-ms="10511">
      <class name="com.test.project.testclass">
        <test-method is-config="true" signature="start_browser()[pri:0, instance:com.test.project.testclass@4145bad8]" started-at="2020-12-21T21:09:03 IST" name="start_browser" finished-at="2020-12-21T21:09:08 IST" duration-ms="4403" status="PASS">
          <reporter-output>
          </reporter-output>
        </test-method> <!-- start_browser -->
        <test-method signature="login()[pri:0, instance:com.test.project.testclass@4145bad8]" started-at="2020-12-21T21:09:08 IST" name="login" finished-at="2020-12-21T21:09:14 IST" duration-ms="5975" status="PASS">
          <reporter-output>
          </reporter-output>
        </test-method> <!-- login -->
        <test-method is-config="true" signature="close_browser()[pri:0, instance:com.test.project.testclass@4145bad8]" started-at="2020-12-21T21:09:14 IST" name="close_browser" finished-at="2020-12-21T21:09:14 IST" duration-ms="87" status="PASS">
          <reporter-output>
          </reporter-output>
        </test-method> <!-- close_browser -->
      </class> <!-- com.test.project.testclass -->
    </test> <!-- Default test -->
  </suite> <!-- Default suite -->
</testng-results>
